<?xml version="1.0" encoding="UTF-8"?>
<!-- Generated by org.testng.reporters.JUnitReportReporter -->
<testsuite skipped="0" hostname="SAAIBI" name="TestNG.TestNG" tests="1" failures="0" timestamp="03 nov 2017 01:11:08 GMT" time="8.983" errors="0">
  <testcase name="f" time="8.983" classname="TestNG.TestNG"/>
</testsuite> <!-- TestNG.TestNG -->
