<?xml version="1.0" encoding="UTF-8"?>
<!-- Generated by org.testng.reporters.JUnitReportReporter -->
<testsuite skipped="0" hostname="SAAIBI" name="TestNG.TestngParameters" tests="2" failures="0" timestamp="03 nov 2017 01:12:16 GMT" time="24.769" errors="0">
  <testcase name="test" time="12.608" classname="TestNG.TestngParameters"/>
  <testcase name="test" time="12.161" classname="TestNG.TestngParameters"/>
</testsuite> <!-- TestNG.TestngParameters -->
