<?xml version="1.0" encoding="UTF-8"?>
<!-- Generated by org.testng.reporters.JUnitReportReporter -->
<testsuite skipped="0" hostname="SAAIBI" name="TestNG.ReporterLogs" tests="1" failures="0" timestamp="03 nov 2017 01:10:43 GMT" time="8.446" errors="0">
  <testcase name="test" time="8.446" classname="TestNG.ReporterLogs"/>
</testsuite> <!-- TestNG.ReporterLogs -->
