<?xml version="1.0" encoding="UTF-8"?>
<!-- Generated by org.testng.reporters.JUnitReportReporter -->
<testsuite skipped="1" hostname="SAAIBI" name="TestNG.MultipleTest" tests="4" failures="0" timestamp="03 nov 2017 01:10:14 GMT" time="0.010" errors="0">
  <testcase name="One" time="0.007" classname="TestNG.MultipleTest"/>
  <testcase name="Two" time="0.001" classname="TestNG.MultipleTest"/>
  <testcase name="Four" time="0.002" classname="TestNG.MultipleTest"/>
  <testcase name="Three" classname="TestNG.MultipleTest">
    <skipped/>
  </testcase> <!-- Three -->
</testsuite> <!-- TestNG.MultipleTest -->
